#1 0 00000000000100e6     1141 r 0000000000000002 00000000000000ef  c.addi   sp, -0x10
#2 0 00000000000100e8     e406 m 00000000000000f7 0000000000000000  c.sdsp   ra, 0x8
#3 0 00000000000100ea     e022 m 00000000000000ef 0000000000000000  c.sdsp   s0, 0x0
#4 0 00000000000100ec     0800 r 0000000000000008 00000000000000ff  c.addi4spn s0, 0x4
#5 0 00000000000100ee     4581 r 000000000000000b 0000000000000000  c.li     a1, 0x0
#6 0 00000000000100f0     4501 r 000000000000000a 0000000000000000  c.li     a0, 0x0
#7 0 00000000000100f2 fbfff0ef r 0000000000000001 00000000000100f6  jal      ra, . - 0x42
#8 0 00000000000100b0     7179 r 0000000000000002 00000000000000bf  c.addi16sp -0x3
#9 0 00000000000100b2     f422 m 00000000000000e7 00000000000000ff  c.sdsp   s0, 0x28
#10 0 00000000000100b4     1800 r 0000000000000008 00000000000000ef  c.addi4spn s0, 0xc
#11 0 00000000000100b6     87aa r 000000000000000f 0000000000000000  c.mv     a5, a0
#12 0 00000000000100b8 fcb43823 m 00000000000000bf 0000000000000000  sd       a1, -0x30(s0)
#13 0 00000000000100bc fcf42e23 m 00000000000000cb 0000000000000000  sw       a5, -0x24(s0)
#14 0 00000000000100c0     4785 r 000000000000000f 0000000000000001  c.li     a5, 0x1
#15 0 00000000000100c2 fef42623 m 00000000000000db 0000000000000001  sw       a5, -0x14(s0)
#16 0 00000000000100c6     4789 r 000000000000000f 0000000000000002  c.li     a5, 0x2
#17 0 00000000000100c8 fef42423 m 00000000000000d7 0000000000000002  sw       a5, -0x18(s0)
#18 0 00000000000100cc fec42703 r 000000000000000e 0000000000000001  lw       a4, -0x14(s0)
#19 0 00000000000100d0 fe842783 r 000000000000000f 0000000000000002  lw       a5, -0x18(s0)
#20 0 00000000000100d4     9fb9 r 000000000000000f 0000000000000003  c.addw   a5, a4
#21 0 00000000000100d6 fef42223 m 00000000000000d3 0000000000000003  sw       a5, -0x1c(s0)
#22 0 00000000000100da fe442783 r 000000000000000f 0000000000000003  lw       a5, -0x1c(s0)
#23 0 00000000000100de     853e r 000000000000000a 0000000000000003  c.mv     a0, a5
#24 0 00000000000100e0     7422 r 0000000000000008 00000000000000ff  c.ldsp   s0, 0x28
#25 0 00000000000100e2     6145 r 0000000000000002 00000000000000ef  c.addi16sp 0x3
#26 0 00000000000100e4     8082 r 0000000000000000 0000000000000000  c.jr     ra
#27 0 00000000000100f6     67c5 r 000000000000000f 0000000000011000  c.lui    a5, 0x11
#28 0 00000000000100f8     4705 r 000000000000000e 0000000000000001  c.li     a4, 0x1
#29 0 00000000000100fa 10e7a423 m 0000000000011108 0000000000000001  sw       a4, 0x108(a5)
